<?xml version="1.0" encoding="UTF-8"?>
<testng-results skipped="0" failed="0" ignored="0" total="1" passed="1">
  <reporter-output>
  </reporter-output>
  <suite name="relayR.RelayRUIHomePageHeaderlinksTest" duration-ms="37882" started-at="2019-07-14T18:25:18Z" finished-at="2019-07-14T18:25:55Z">
    <groups>
    </groups>
    <test name="Command line test" duration-ms="37882" started-at="2019-07-14T18:25:18Z" finished-at="2019-07-14T18:25:55Z">
      <class name="relayR.RelayRUIHomePageHeaderlinksTest">
        <test-method status="PASS" signature="initialize()[pri:0, instance:relayR.RelayRUIHomePageHeaderlinksTest@37918c79]" name="initialize" is-config="true" duration-ms="5406" started-at="2019-07-14T18:25:18Z" finished-at="2019-07-14T18:25:23Z">
          <reporter-output>
          </reporter-output>
        </test-method> <!-- initialize -->
        <test-method status="PASS" signature="VerifyHomePageHeaderlinks()[pri:0, instance:relayR.RelayRUIHomePageHeaderlinksTest@37918c79]" name="VerifyHomePageHeaderlinks" duration-ms="32388" started-at="2019-07-14T18:25:23Z" finished-at="2019-07-14T18:25:55Z">
          <reporter-output>
          </reporter-output>
        </test-method> <!-- VerifyHomePageHeaderlinks -->
        <test-method status="PASS" signature="teardown()[pri:0, instance:relayR.RelayRUIHomePageHeaderlinksTest@37918c79]" name="teardown" is-config="true" duration-ms="68" started-at="2019-07-14T18:25:55Z" finished-at="2019-07-14T18:25:55Z">
          <reporter-output>
          </reporter-output>
        </test-method> <!-- teardown -->
      </class> <!-- relayR.RelayRUIHomePageHeaderlinksTest -->
    </test> <!-- Command line test -->
  </suite> <!-- relayR.RelayRUIHomePageHeaderlinksTest -->
</testng-results>
